<?xml version="1.0" encoding="utf-8" standalone="no"?>
<!--This file represents the results of running a test suite-->
<test-results name="C:\POS-AUT\PDV.Test\PDV.Test.UI\bin\Debug\PDV.Test.UI.dll" total="2" errors="0" failures="0" not-run="0" inconclusive="0" ignored="0" skipped="0" invalid="0" date="2019-08-02" time="15:20:15">
  <environment nunit-version="2.6.3.13283" clr-version="2.0.50727.8830" os-version="Microsoft Windows NT 6.2.9200.0" platform="Win32NT" cwd="C:\Alura\NUnit-2.6.3\bin" machine-name="RJOD-200100225" user="tiago.oliveira" user-domain="SP01" />
  <culture-info current-culture="pt-BR" current-uiculture="pt-BR" />
  <test-suite type="Assembly" name="C:\POS-AUT\PDV.Test\PDV.Test.UI\bin\Debug\PDV.Test.UI.dll" executed="True" result="Success" success="True" time="16.617" asserts="0">
    <results>
      <test-suite type="Namespace" name="PDV" executed="True" result="Success" success="True" time="16.610" asserts="0">
        <results>
          <test-suite type="Namespace" name="Test" executed="True" result="Success" success="True" time="16.609" asserts="0">
            <results>
              <test-suite type="Namespace" name="UI" executed="True" result="Success" success="True" time="16.609" asserts="0">
                <results>
                  <test-suite type="Namespace" name="ADMIN" executed="True" result="Success" success="True" time="16.608" asserts="0">
                    <results>
                      <test-suite type="Namespace" name="TestCase" executed="True" result="Success" success="True" time="16.608" asserts="0">
                        <results>
                          <test-suite type="Namespace" name="CN_02_Item" executed="True" result="Success" success="True" time="16.607" asserts="0">
                            <results>
                              <test-suite type="Namespace" name="CN_02" executed="True" result="Success" success="True" time="16.607" asserts="0">
                                <results>
                                  <test-suite type="Namespace" name="_02___Modificadores" executed="True" result="Success" success="True" time="16.606" asserts="0">
                                    <results>
                                      <test-suite type="TestFixture" name="Tc_Modificadores" executed="True" result="Success" success="True" time="16.605" asserts="0">
                                        <results>
                                          <test-case name="PDV.Test.UI.ADMIN.TestCase.CN_02_Item.CN_02._02___Modificadores.Tc_Modificadores.AdicionarModificador" executed="True" result="Success" success="True" time="11.947" asserts="0" />
                                          <test-case name="PDV.Test.UI.ADMIN.TestCase.CN_02_Item.CN_02._02___Modificadores.Tc_Modificadores.EditarModificador" executed="True" result="Success" success="True" time="0.192" asserts="0" />
                                        </results>
                                      </test-suite>
                                    </results>
                                  </test-suite>
                                </results>
                              </test-suite>
                            </results>
                          </test-suite>
                        </results>
                      </test-suite>
                    </results>
                  </test-suite>
                </results>
              </test-suite>
            </results>
          </test-suite>
        </results>
      </test-suite>
    </results>
  </test-suite>
</test-results>